{"/Users/santhosh.s/Desktop/santhosh_backup/react/src/App.js": {"path":"/Users/santhosh.s/Desktop/santhosh_backup/react/src/App.js","statementMap":{"0":{"start":{"line":9,"column":4},"end":{"line":9,"column":26}},"1":{"start":{"line":11,"column":4},"end":{"line":11,"column":41}},"2":{"start":{"line":13,"column":4},"end":{"line":23,"column":6}},"3":{"start":{"line":28,"column":16},"end":{"line":28,"column":60}},"4":{"start":{"line":29,"column":24},"end":{"line":29,"column":45}},"5":{"start":{"line":30,"column":4},"end":{"line":61,"column":5}},"6":{"start":{"line":31,"column":6},"end":{"line":31,"column":43}},"7":{"start":{"line":33,"column":6},"end":{"line":33,"column":42}},"8":{"start":{"line":34,"column":6},"end":{"line":45,"column":7}},"9":{"start":{"line":35,"column":10},"end":{"line":43,"column":11}},"10":{"start":{"line":36,"column":12},"end":{"line":36,"column":58}},"11":{"start":{"line":37,"column":16},"end":{"line":43,"column":11}},"12":{"start":{"line":38,"column":12},"end":{"line":38,"column":59}},"13":{"start":{"line":39,"column":16},"end":{"line":43,"column":11}},"14":{"start":{"line":40,"column":12},"end":{"line":40,"column":63}},"15":{"start":{"line":42,"column":12},"end":{"line":42,"column":58}},"16":{"start":{"line":44,"column":10},"end":{"line":44,"column":31}},"17":{"start":{"line":47,"column":6},"end":{"line":47,"column":51}},"18":{"start":{"line":49,"column":6},"end":{"line":60,"column":7}},"19":{"start":{"line":50,"column":8},"end":{"line":52,"column":9}},"20":{"start":{"line":51,"column":10},"end":{"line":51,"column":56}},"21":{"start":{"line":53,"column":8},"end":{"line":57,"column":9}},"22":{"start":{"line":54,"column":10},"end":{"line":54,"column":65}},"23":{"start":{"line":56,"column":10},"end":{"line":56,"column":56}},"24":{"start":{"line":59,"column":8},"end":{"line":59,"column":54}},"25":{"start":{"line":62,"column":4},"end":{"line":64,"column":5}},"26":{"start":{"line":63,"column":6},"end":{"line":63,"column":40}},"27":{"start":{"line":65,"column":4},"end":{"line":67,"column":5}},"28":{"start":{"line":66,"column":6},"end":{"line":66,"column":37}},"29":{"start":{"line":68,"column":21},"end":{"line":68,"column":28}},"30":{"start":{"line":70,"column":4},"end":{"line":70,"column":89}},"31":{"start":{"line":77,"column":4},"end":{"line":83,"column":5}},"32":{"start":{"line":78,"column":6},"end":{"line":78,"column":53}},"33":{"start":{"line":79,"column":6},"end":{"line":79,"column":36}},"34":{"start":{"line":81,"column":6},"end":{"line":81,"column":43}},"35":{"start":{"line":82,"column":6},"end":{"line":82,"column":48}},"36":{"start":{"line":84,"column":4},"end":{"line":95,"column":6}}},"fnMap":{"0":{"name":"(anonymous_0)","decl":{"start":{"line":8,"column":2},"end":{"line":8,"column":3}},"loc":{"start":{"line":8,"column":30},"end":{"line":24,"column":3}},"line":8},"1":{"name":"(anonymous_1)","decl":{"start":{"line":26,"column":2},"end":{"line":26,"column":3}},"loc":{"start":{"line":26,"column":11},"end":{"line":72,"column":3}},"line":26},"2":{"name":"(anonymous_2)","decl":{"start":{"line":74,"column":2},"end":{"line":74,"column":3}},"loc":{"start":{"line":74,"column":11},"end":{"line":96,"column":3}},"line":74}},"branchMap":{"0":{"loc":{"start":{"line":28,"column":16},"end":{"line":28,"column":60}},"type":"binary-expr","locations":[{"start":{"line":28,"column":16},"end":{"line":28,"column":55}},{"start":{"line":28,"column":59},"end":{"line":28,"column":60}}],"line":28},"1":{"loc":{"start":{"line":30,"column":4},"end":{"line":61,"column":5}},"type":"if","locations":[{"start":{"line":30,"column":4},"end":{"line":61,"column":5}},{"start":{"line":30,"column":4},"end":{"line":61,"column":5}}],"line":30},"2":{"loc":{"start":{"line":34,"column":6},"end":{"line":45,"column":7}},"type":"if","locations":[{"start":{"line":34,"column":6},"end":{"line":45,"column":7}},{"start":{"line":34,"column":6},"end":{"line":45,"column":7}}],"line":34},"3":{"loc":{"start":{"line":35,"column":10},"end":{"line":43,"column":11}},"type":"if","locations":[{"start":{"line":35,"column":10},"end":{"line":43,"column":11}},{"start":{"line":35,"column":10},"end":{"line":43,"column":11}}],"line":35},"4":{"loc":{"start":{"line":37,"column":16},"end":{"line":43,"column":11}},"type":"if","locations":[{"start":{"line":37,"column":16},"end":{"line":43,"column":11}},{"start":{"line":37,"column":16},"end":{"line":43,"column":11}}],"line":37},"5":{"loc":{"start":{"line":37,"column":19},"end":{"line":37,"column":85}},"type":"binary-expr","locations":[{"start":{"line":37,"column":19},"end":{"line":37,"column":37}},{"start":{"line":37,"column":41},"end":{"line":37,"column":61}},{"start":{"line":37,"column":65},"end":{"line":37,"column":85}}],"line":37},"6":{"loc":{"start":{"line":39,"column":16},"end":{"line":43,"column":11}},"type":"if","locations":[{"start":{"line":39,"column":16},"end":{"line":43,"column":11}},{"start":{"line":39,"column":16},"end":{"line":43,"column":11}}],"line":39},"7":{"loc":{"start":{"line":39,"column":19},"end":{"line":39,"column":63}},"type":"binary-expr","locations":[{"start":{"line":39,"column":19},"end":{"line":39,"column":39}},{"start":{"line":39,"column":43},"end":{"line":39,"column":63}}],"line":39},"8":{"loc":{"start":{"line":49,"column":6},"end":{"line":60,"column":7}},"type":"if","locations":[{"start":{"line":49,"column":6},"end":{"line":60,"column":7}},{"start":{"line":49,"column":6},"end":{"line":60,"column":7}}],"line":49},"9":{"loc":{"start":{"line":50,"column":8},"end":{"line":52,"column":9}},"type":"if","locations":[{"start":{"line":50,"column":8},"end":{"line":52,"column":9}},{"start":{"line":50,"column":8},"end":{"line":52,"column":9}}],"line":50},"10":{"loc":{"start":{"line":53,"column":8},"end":{"line":57,"column":9}},"type":"if","locations":[{"start":{"line":53,"column":8},"end":{"line":57,"column":9}},{"start":{"line":53,"column":8},"end":{"line":57,"column":9}}],"line":53},"11":{"loc":{"start":{"line":62,"column":4},"end":{"line":64,"column":5}},"type":"if","locations":[{"start":{"line":62,"column":4},"end":{"line":64,"column":5}},{"start":{"line":62,"column":4},"end":{"line":64,"column":5}}],"line":62},"12":{"loc":{"start":{"line":65,"column":4},"end":{"line":67,"column":5}},"type":"if","locations":[{"start":{"line":65,"column":4},"end":{"line":67,"column":5}},{"start":{"line":65,"column":4},"end":{"line":67,"column":5}}],"line":65},"13":{"loc":{"start":{"line":77,"column":4},"end":{"line":83,"column":5}},"type":"if","locations":[{"start":{"line":77,"column":4},"end":{"line":83,"column":5}},{"start":{"line":77,"column":4},"end":{"line":83,"column":5}}],"line":77}},"s":{"0":15,"1":15,"2":15,"3":16,"4":16,"5":16,"6":11,"7":11,"8":11,"9":1,"10":1,"11":0,"12":0,"13":0,"14":0,"15":0,"16":1,"17":5,"18":5,"19":2,"20":2,"21":2,"22":0,"23":2,"24":3,"25":16,"26":1,"27":16,"28":1,"29":16,"30":16,"31":49,"32":3,"33":3,"34":46,"35":46,"36":49},"f":{"0":15,"1":16,"2":49},"b":{"0":[16,1],"1":[11,5],"2":[1,10],"3":[1,0],"4":[0,0],"5":[0,0,0],"6":[0,0],"7":[0,0],"8":[2,3],"9":[2,0],"10":[0,2],"11":[1,15],"12":[1,15],"13":[3,46]},"_coverageSchema":"43e27e138ebf9cfc5966b082cf9a028302ed4184","hash":"4258e45b28188be6bb301b983a36edb142f8de3e"}
,"/Users/santhosh.s/Desktop/santhosh_backup/react/src/index.js": {"path":"/Users/santhosh.s/Desktop/santhosh_backup/react/src/index.js","statementMap":{"0":{"start":{"line":6,"column":0},"end":{"line":6,"column":58}}},"fnMap":{},"branchMap":{},"s":{"0":1},"f":{},"b":{},"_coverageSchema":"43e27e138ebf9cfc5966b082cf9a028302ed4184","hash":"5b3d0c50809aa02b1fd65311e2d14e6f08734569"}
,"/Users/santhosh.s/Desktop/santhosh_backup/react/src/setupTest.js": {"path":"/Users/santhosh.s/Desktop/santhosh_backup/react/src/setupTest.js","statementMap":{"0":{"start":{"line":4,"column":0},"end":{"line":4,"column":45}}},"fnMap":{},"branchMap":{},"s":{"0":4},"f":{},"b":{},"_coverageSchema":"43e27e138ebf9cfc5966b082cf9a028302ed4184","hash":"a8ab553cdf69ffb3a6790b1115e403d90ac236c7"}
,"/Users/santhosh.s/Desktop/santhosh_backup/react/src/Components/Frame/Frame.js": {"path":"/Users/santhosh.s/Desktop/santhosh_backup/react/src/Components/Frame/Frame.js","statementMap":{"0":{"start":{"line":5,"column":14},"end":{"line":33,"column":1}},"1":{"start":{"line":6,"column":19},"end":{"line":6,"column":21}},"2":{"start":{"line":7,"column":10},"end":{"line":7,"column":11}},"3":{"start":{"line":9,"column":4},"end":{"line":28,"column":5}},"4":{"start":{"line":9,"column":21},"end":{"line":9,"column":22}},"5":{"start":{"line":10,"column":8},"end":{"line":14,"column":9}},"6":{"start":{"line":11,"column":12},"end":{"line":11,"column":55}},"7":{"start":{"line":13,"column":12},"end":{"line":13,"column":65}},"8":{"start":{"line":15,"column":8},"end":{"line":22,"column":10}},"9":{"start":{"line":23,"column":8},"end":{"line":27,"column":9}},"10":{"start":{"line":24,"column":12},"end":{"line":24,"column":19}},"11":{"start":{"line":26,"column":12},"end":{"line":26,"column":19}},"12":{"start":{"line":30,"column":0},"end":{"line":32,"column":8}},"13":{"start":{"line":35,"column":0},"end":{"line":37,"column":1}}},"fnMap":{"0":{"name":"(anonymous_0)","decl":{"start":{"line":5,"column":14},"end":{"line":5,"column":15}},"loc":{"start":{"line":5,"column":27},"end":{"line":33,"column":1}},"line":5}},"branchMap":{"0":{"loc":{"start":{"line":10,"column":8},"end":{"line":14,"column":9}},"type":"if","locations":[{"start":{"line":10,"column":8},"end":{"line":14,"column":9}},{"start":{"line":10,"column":8},"end":{"line":14,"column":9}}],"line":10},"1":{"loc":{"start":{"line":23,"column":8},"end":{"line":27,"column":9}},"type":"if","locations":[{"start":{"line":23,"column":8},"end":{"line":27,"column":9}},{"start":{"line":23,"column":8},"end":{"line":27,"column":9}}],"line":23}},"s":{"0":3,"1":4,"2":4,"3":4,"4":4,"5":48,"6":36,"7":12,"8":48,"9":48,"10":12,"11":36,"12":4,"13":3},"f":{"0":4},"b":{"0":[36,12],"1":[12,36]},"_coverageSchema":"43e27e138ebf9cfc5966b082cf9a028302ed4184","hash":"cbb9c5403afaeff7a89245dade3c636e274f8f8b"}
,"/Users/santhosh.s/Desktop/santhosh_backup/react/src/Components/Scoreboard/Scoreboard.js": {"path":"/Users/santhosh.s/Desktop/santhosh_backup/react/src/Components/Scoreboard/Scoreboard.js","statementMap":{"0":{"start":{"line":5,"column":19},"end":{"line":39,"column":1}},"1":{"start":{"line":6,"column":14},"end":{"line":6,"column":15}},"2":{"start":{"line":7,"column":16},"end":{"line":7,"column":17}},"3":{"start":{"line":8,"column":19},"end":{"line":8,"column":21}},"4":{"start":{"line":10,"column":17},"end":{"line":12,"column":3}},"5":{"start":{"line":11,"column":4},"end":{"line":11,"column":33}},"6":{"start":{"line":14,"column":16},"end":{"line":16,"column":3}},"7":{"start":{"line":15,"column":4},"end":{"line":15,"column":50}},"8":{"start":{"line":18,"column":2},"end":{"line":31,"column":3}},"9":{"start":{"line":18,"column":19},"end":{"line":18,"column":20}},"10":{"start":{"line":20,"column":4},"end":{"line":30,"column":5}},"11":{"start":{"line":21,"column":8},"end":{"line":21,"column":66}},"12":{"start":{"line":22,"column":8},"end":{"line":22,"column":18}},"13":{"start":{"line":24,"column":9},"end":{"line":30,"column":5}},"14":{"start":{"line":25,"column":8},"end":{"line":25,"column":47}},"15":{"start":{"line":26,"column":8},"end":{"line":26,"column":21}},"16":{"start":{"line":28,"column":8},"end":{"line":28,"column":51}},"17":{"start":{"line":29,"column":8},"end":{"line":29,"column":21}},"18":{"start":{"line":34,"column":2},"end":{"line":38,"column":4}},"19":{"start":{"line":41,"column":0},"end":{"line":43,"column":1}}},"fnMap":{"0":{"name":"(anonymous_0)","decl":{"start":{"line":5,"column":19},"end":{"line":5,"column":20}},"loc":{"start":{"line":5,"column":32},"end":{"line":39,"column":1}},"line":5},"1":{"name":"(anonymous_1)","decl":{"start":{"line":10,"column":17},"end":{"line":10,"column":18}},"loc":{"start":{"line":10,"column":36},"end":{"line":12,"column":3}},"line":10},"2":{"name":"(anonymous_2)","decl":{"start":{"line":14,"column":16},"end":{"line":14,"column":17}},"loc":{"start":{"line":14,"column":35},"end":{"line":16,"column":3}},"line":14}},"branchMap":{"0":{"loc":{"start":{"line":20,"column":4},"end":{"line":30,"column":5}},"type":"if","locations":[{"start":{"line":20,"column":4},"end":{"line":30,"column":5}},{"start":{"line":20,"column":4},"end":{"line":30,"column":5}}],"line":20},"1":{"loc":{"start":{"line":24,"column":9},"end":{"line":30,"column":5}},"type":"if","locations":[{"start":{"line":24,"column":9},"end":{"line":30,"column":5}},{"start":{"line":24,"column":9},"end":{"line":30,"column":5}}],"line":24}},"s":{"0":3,"1":4,"2":4,"3":4,"4":4,"5":40,"6":4,"7":30,"8":4,"9":4,"10":40,"11":10,"12":10,"13":30,"14":10,"15":10,"16":20,"17":20,"18":4,"19":3},"f":{"0":4,"1":40,"2":30},"b":{"0":[10,30],"1":[10,20]},"_coverageSchema":"43e27e138ebf9cfc5966b082cf9a028302ed4184","hash":"c0591a8c4fcf1bbbf5f39a80e69ef83a42ce3d5b"}
,"/Users/santhosh.s/Desktop/santhosh_backup/react/src/Components/rolls/rolls.js": {"path":"/Users/santhosh.s/Desktop/santhosh_backup/react/src/Components/rolls/rolls.js","statementMap":{"0":{"start":{"line":4,"column":17},"end":{"line":8,"column":1}},"1":{"start":{"line":6,"column":2},"end":{"line":6,"column":69}},"2":{"start":{"line":6,"column":47},"end":{"line":6,"column":56}},"3":{"start":{"line":7,"column":2},"end":{"line":7,"column":29}},"4":{"start":{"line":10,"column":0},"end":{"line":12,"column":1}}},"fnMap":{"0":{"name":"(anonymous_0)","decl":{"start":{"line":4,"column":17},"end":{"line":4,"column":18}},"loc":{"start":{"line":4,"column":33},"end":{"line":8,"column":1}},"line":4},"1":{"name":"(anonymous_1)","decl":{"start":{"line":6,"column":40},"end":{"line":6,"column":41}},"loc":{"start":{"line":6,"column":46},"end":{"line":6,"column":57}},"line":6}},"branchMap":{},"s":{"0":3,"1":3,"2":2,"3":3,"4":3},"f":{"0":3,"1":2},"b":{},"_coverageSchema":"43e27e138ebf9cfc5966b082cf9a028302ed4184","hash":"5209830b6bc602900ccb10248f6efb6dfe50aa27"}
}
