TN:
SF:/Users/santhosh.s/Desktop/santhosh_backup/react/src/App.js
FN:8,(anonymous_0)
FN:26,(anonymous_1)
FN:74,(anonymous_2)
FNF:3
FNH:3
FNDA:15,(anonymous_0)
FNDA:16,(anonymous_1)
FNDA:49,(anonymous_2)
DA:9,15
DA:11,15
DA:13,15
DA:28,16
DA:29,16
DA:30,16
DA:31,11
DA:33,11
DA:34,11
DA:35,1
DA:36,1
DA:37,0
DA:38,0
DA:39,0
DA:40,0
DA:42,0
DA:44,1
DA:47,5
DA:49,5
DA:50,2
DA:51,2
DA:53,2
DA:54,0
DA:56,2
DA:59,3
DA:62,16
DA:63,1
DA:65,16
DA:66,1
DA:68,16
DA:70,16
DA:77,49
DA:78,3
DA:79,3
DA:81,46
DA:82,46
DA:84,49
LF:37
LH:31
BRDA:28,0,0,16
BRDA:28,0,1,1
BRDA:30,1,0,11
BRDA:30,1,1,5
BRDA:34,2,0,1
BRDA:34,2,1,10
BRDA:35,3,0,1
BRDA:35,3,1,0
BRDA:37,4,0,0
BRDA:37,4,1,0
BRDA:37,5,0,0
BRDA:37,5,1,0
BRDA:37,5,2,0
BRDA:39,6,0,0
BRDA:39,6,1,0
BRDA:39,7,0,0
BRDA:39,7,1,0
BRDA:49,8,0,2
BRDA:49,8,1,3
BRDA:50,9,0,2
BRDA:50,9,1,0
BRDA:53,10,0,0
BRDA:53,10,1,2
BRDA:62,11,0,1
BRDA:62,11,1,15
BRDA:65,12,0,1
BRDA:65,12,1,15
BRDA:77,13,0,3
BRDA:77,13,1,46
BRF:29
BRH:17
end_of_record
TN:
SF:/Users/santhosh.s/Desktop/santhosh_backup/react/src/index.js
FNF:0
FNH:0
DA:6,1
LF:1
LH:1
BRF:0
BRH:0
end_of_record
TN:
SF:/Users/santhosh.s/Desktop/santhosh_backup/react/src/setupTest.js
FNF:0
FNH:0
DA:4,4
LF:1
LH:1
BRF:0
BRH:0
end_of_record
TN:
SF:/Users/santhosh.s/Desktop/santhosh_backup/react/src/Components/Frame/Frame.js
FN:5,(anonymous_0)
FNF:1
FNH:1
FNDA:4,(anonymous_0)
DA:5,3
DA:6,4
DA:7,4
DA:9,4
DA:10,48
DA:11,36
DA:13,12
DA:15,48
DA:23,48
DA:24,12
DA:26,36
DA:30,4
DA:35,3
LF:13
LH:13
BRDA:10,0,0,36
BRDA:10,0,1,12
BRDA:23,1,0,12
BRDA:23,1,1,36
BRF:4
BRH:4
end_of_record
TN:
SF:/Users/santhosh.s/Desktop/santhosh_backup/react/src/Components/Scoreboard/Scoreboard.js
FN:5,(anonymous_0)
FN:10,(anonymous_1)
FN:14,(anonymous_2)
FNF:3
FNH:3
FNDA:4,(anonymous_0)
FNDA:40,(anonymous_1)
FNDA:30,(anonymous_2)
DA:5,3
DA:6,4
DA:7,4
DA:8,4
DA:10,4
DA:11,40
DA:14,4
DA:15,30
DA:18,4
DA:20,40
DA:21,10
DA:22,10
DA:24,30
DA:25,10
DA:26,10
DA:28,20
DA:29,20
DA:34,4
DA:41,3
LF:19
LH:19
BRDA:20,0,0,10
BRDA:20,0,1,30
BRDA:24,1,0,10
BRDA:24,1,1,20
BRF:4
BRH:4
end_of_record
TN:
SF:/Users/santhosh.s/Desktop/santhosh_backup/react/src/Components/rolls/rolls.js
FN:4,(anonymous_0)
FN:6,(anonymous_1)
FNF:2
FNH:2
FNDA:3,(anonymous_0)
FNDA:2,(anonymous_1)
DA:4,3
DA:6,3
DA:7,3
DA:10,3
LF:4
LH:4
BRF:0
BRH:0
end_of_record
